

2007-04-19 13:23:32+0200 [-] Exception rendering:
2007-04-19 13:23:32+0200 [-] Unhandled Error
        Traceback (most recent call last):
          File "/usr/local/lib/python2.5/site-packages/twisted/internet/defer.py
", line 317, in _runCallbacks
            self.result = callback(self.result, *args, **kw)
          File "/usr/local/lib/python2.5/site-packages/twisted/web2/server.py",
line 508, in _cbFinishRender
            d.callback(response)
          File "/usr/local/lib/python2.5/site-packages/twisted/internet/defer.py
", line 239, in callback
            self._startRunCallbacks(result)
          File "/usr/local/lib/python2.5/site-packages/twisted/internet/defer.py
", line 304, in _startRunCallbacks
            self._runCallbacks()
        --- <exception caught here> ---
          File "/usr/local/lib/python2.5/site-packages/twisted/internet/defer.py
", line 317, in _runCallbacks
            self.result = callback(self.result, *args, **kw)
          File "/usr/local/lib/python2.5/site-packages/twisted/web2/http.py", li
ne 456, in writeResponse
            d = stream.StreamProducer(response.stream).beginProducing(self.chanR
equest)
          File "/usr/local/lib/python2.5/site-packages/twisted/web2/stream.py",
line 727, in beginProducing
            self.resumeProducing()
          File "/usr/local/lib/python2.5/site-packages/twisted/web2/stream.py",
line 744, in resumeProducing
            self._doWrite(data)
          File "/usr/local/lib/python2.5/site-packages/twisted/web2/stream.py",
line 765, in _doWrite
            self.resumeProducing()
          File "/usr/local/lib/python2.5/site-packages/twisted/web2/stream.py",
line 744, in resumeProducing
            self._doWrite(data)
          File "/usr/local/lib/python2.5/site-packages/twisted/web2/stream.py",
line 765, in _doWrite
            self.resumeProducing()
          File "/usr/local/lib/python2.5/site-packages/twisted/web2/stream.py",
line 744, in resumeProducing
            self._doWrite(data)
          File "/usr/local/lib/python2.5/site-packages/twisted/web2/stream.py",
line 765, in _doWrite
            self.resumeProducing()
...
...
...
          File "/usr/local/lib/python2.5/site-packages/twisted/web2/stream.py",
line 744, in resumeProducing
            self._doWrite(data)
          File "/usr/local/lib/python2.5/site-packages/twisted/web2/stream.py",
line 762, in _doWrite
            self.consumer.write(data)
          File "/usr/local/lib/python2.5/site-packages/twisted/web2/channel/http
.py", line 475, in write
            self.transport.write(data)
          File "/usr/local/lib/python2.5/site-packages/twisted/internet/abstract
.py", line 186, in write
            self.startWriting()
          File "/usr/local/lib/python2.5/site-packages/twisted/internet/abstract
.py", line 273, in startWriting
            self.reactor.addWriter(self)
        exceptions.RuntimeError: maximum recursion depth exceeded

2007-04-19 13:23:33+0200 [-] Unhandled error in Deferred:
2007-04-19 13:23:33+0200 [-] Unhandled Error
        Traceback (most recent call last):
          File "/usr/local/lib/python2.5/site-packages/twisted/internet/defer.py
", line 317, in _runCallbacks
            self.result = callback(self.result, *args, **kw)
          File "/usr/local/lib/python2.5/site-packages/twisted/web2/server.py",
line 476, in _processingFailed
            d.addErrback(self._processingReallyFailed, reason)
          File "/usr/local/lib/python2.5/site-packages/twisted/internet/defer.py
", line 200, in addErrback
            errbackKeywords=kw)
          File "/usr/local/lib/python2.5/site-packages/twisted/internet/defer.py
", line 182, in addCallbacks
            self._runCallbacks()
        --- <exception caught here> ---
          File "/usr/local/lib/python2.5/site-packages/twisted/internet/defer.py
", line 317, in _runCallbacks
            self.result = callback(self.result, *args, **kw)
          File "/usr/local/lib/python2.5/site-packages/twisted/web2/server.py",
line 492, in _processingReallyFailed
            self.writeResponse(response)
          File "/usr/local/lib/python2.5/site-packages/twisted/web2/http.py", li
ne 456, in writeResponse
            d = stream.StreamProducer(response.stream).beginProducing(self.chanR
equest)
          File "/usr/local/lib/python2.5/site-packages/twisted/web2/stream.py",
line 726, in beginProducing
            self.consumer.registerProducer(self, True)
          File "/usr/local/lib/python2.5/site-packages/twisted/web2/channel/http
.py", line 581, in registerProducer
            raise ValueError, "registering producer %s before previous one (%s)
was unregistered" % (producer, self.producer)
        exceptions.ValueError: registering producer <twisted.web2.stream.StreamP
roducer object at 0x111406e10> before previous one (<twisted.web2.stream.StreamP
roducer object at 0x111304f60>) was unregistered


