# Sphinx version: 1.1.3
# Python version: 2.7.3
# Docutils version: 0.8.1 release
# Jinja2 version: 2.6
Traceback (most recent call last):
  File "/usr/lib/pymodules/python2.7/sphinx/cmdline.py", line 189, in main
    app.build(force_all, filenames)
  File "/usr/lib/pymodules/python2.7/sphinx/application.py", line 204, in build
    self.builder.build_update()
  File "/usr/lib/pymodules/python2.7/sphinx/builders/__init__.py", line 196, in build_update
    'out of date' % len(to_build))
  File "/usr/lib/pymodules/python2.7/sphinx/builders/__init__.py", line 216, in build
    purple, length):
  File "/usr/lib/pymodules/python2.7/sphinx/builders/__init__.py", line 120, in status_iterator
    for item in iterable:
  File "/usr/lib/pymodules/python2.7/sphinx/environment.py", line 613, in update_generator
    self.read_doc(docname, app=app)
  File "/usr/lib/pymodules/python2.7/sphinx/environment.py", line 761, in read_doc
    pub.publish()
  File "/usr/lib/pymodules/python2.7/docutils/core.py", line 211, in publish
    self.settings)
  File "/usr/lib/pymodules/python2.7/docutils/readers/__init__.py", line 69, in read
    self.parse()
  File "/usr/lib/pymodules/python2.7/docutils/readers/__init__.py", line 75, in parse
    self.parser.parse(self.input, document)
  File "/usr/lib/pymodules/python2.7/docutils/parsers/rst/__init__.py", line 157, in parse
    self.statemachine.run(inputlines, document, inliner=self.inliner)
  File "/usr/lib/pymodules/python2.7/docutils/parsers/rst/states.py", line 170, in run
    input_source=document['source'])
  File "/usr/lib/pymodules/python2.7/docutils/statemachine.py", line 237, in run
    context, state, transitions)
  File "/usr/lib/pymodules/python2.7/docutils/statemachine.py", line 458, in check_line
    return method(match, context, next_state)
  File "/usr/lib/pymodules/python2.7/docutils/parsers/rst/states.py", line 2709, in underline
    self.section(title, source, style, lineno - 1, messages)
  File "/usr/lib/pymodules/python2.7/docutils/parsers/rst/states.py", line 329, in section
    self.new_subsection(title, lineno, messages)
  File "/usr/lib/pymodules/python2.7/docutils/parsers/rst/states.py", line 398, in new_subsection
    node=section_node, match_titles=1)
  File "/usr/lib/pymodules/python2.7/docutils/parsers/rst/states.py", line 284, in nested_parse
    node=node, match_titles=match_titles)
  File "/usr/lib/pymodules/python2.7/docutils/parsers/rst/states.py", line 195, in run
    results = StateMachineWS.run(self, input_lines, input_offset)
  File "/usr/lib/pymodules/python2.7/docutils/statemachine.py", line 237, in run
    context, state, transitions)
  File "/usr/lib/pymodules/python2.7/docutils/statemachine.py", line 458, in check_line
    return method(match, context, next_state)
  File "/usr/lib/pymodules/python2.7/docutils/parsers/rst/states.py", line 2723, in text
    paragraph, literalnext = self.paragraph(lines, startline)
  File "/usr/lib/pymodules/python2.7/docutils/parsers/rst/states.py", line 421, in paragraph
    textnodes, messages = self.inline_text(text, lineno)
  File "/usr/lib/pymodules/python2.7/docutils/parsers/rst/states.py", line 430, in inline_text
    return self.inliner.parse(text, lineno, self.memo, self.parent)
  File "/usr/lib/pymodules/python2.7/docutils/parsers/rst/states.py", line 516, in parse
    lineno)
  File "/usr/lib/pymodules/python2.7/docutils/parsers/rst/states.py", line 775, in interpreted_or_phrase_ref
    lineno)
  File "/usr/lib/pymodules/python2.7/docutils/parsers/rst/states.py", line 831, in interpreted
    nodes, messages2 = role_fn(role, rawsource, text, lineno, self)
  File "/home/exarkun/Projects/Twisted/branches/x-forwarded-for-logging-1468/docs/_extensions/apilinks.py", line 36, in make_api_link
    node = nodes.reference(rawtext, utils.unescape(label), refuri=ref,
UnboundLocalError: local variable 'label' referenced before assignment
