2010-10-04 10:53:27,693: ERROR    MainThread:log:emit[508]: Unhandled Error
Traceback (most recent call last):
  File "D:\projects\django-twisted\3rdparty\twisted\python\log.py", line 84, in callWithLogger
    return callWithContext({"system": lp}, func, *args, **kw)
  File "D:\projects\daqserver\3rdparty\twisted\python\log.py", line 69, in callWithContext
    return context.call({ILogContext: newCtx}, func, *args, **kw)
  File "D:\projects\daqserver\3rdparty\twisted\python\context.py", line 59, in callWithContext
    return self.currentContext().callWithContext(ctx, func, *args, **kw)
  File "D:\projects\daqserver\3rdparty\twisted\python\context.py", line 37, in callWithContext
    return func(*args,**kw)
--- <exception caught here> ---
  File "D:\projects\daqserver\3rdparty\twisted\internet\iocpreactor\reactor.py", line 114, in _callEventCallback
    evt.callback(rc, bytes, evt)
  File "D:\projects\daqserver\3rdparty\twisted\internet\iocpreactor\abstract.py", line 95, in _cbRead
    if self._handleRead(rc, bytes, evt):
  File "D:\projects\daqserver\3rdparty\twisted\internet\iocpreactor\abstract.py", line 121, in _handleRead
    return self._dispatchData()
  File "D:\projects\daqserver\3rdparty\twisted\internet\iocpreactor\abstract.py", line 77, in _dispatchData
    0, remainder))
  File "D:\projects\daqserver\3rdparty\twisted\internet\iocpreactor\tcp.py", line 103, in dataReceived
    self.protocol.dataReceived(str(rbuffer))
  File "D:\projects\daqserver\3rdparty\twisted\protocols\basic.py", line 251, in dataReceived
    why = self.lineReceived(line)
  File "D:\projects\daqserver\3rdparty\twisted\web\http.py", line 1573, in lineReceived
    self.allContentReceived()
  File "D:\projects\daqserver\3rdparty\twisted\web\http.py", line 1641, in allContentReceived
    req.requestReceived(command, path, version)
  File "D:\projects\daqserver\3rdparty\twisted\web\http.py", line 807, in requestReceived
    self.process()
  File "D:\projects\daqserver\3rdparty\twisted\web\server.py", line 127, in process
    self.processingFailed(failure.Failure())
  File "D:\projects\daqserver\3rdparty\twisted\web\server.py", line 216, in processingFailed
    self.write(body)
  File "D:\projects\daqserver\3rdparty\twisted\web\http.py", line 983, in write
    self.transport.write(data)
  File "D:\projects\daqserver\3rdparty\twisted\internet\iocpreactor\tcp.py", line 219, in write
    abstract.FileHandle.write(self, data)
  File "D:\projects\daqserver\3rdparty\twisted\internet\iocpreactor\abstract.py", line 296, in write
    self.producer.pauseProducing()
exceptions.AttributeError: 'NoRangeStaticProducer' object has no attribute 'pauseProducing'
 