[troy@sanjuro litmus-0.10.5]$ make URL="http://paladin.osc.edu:8901/local/davtest/" CREDS="guest guest123" check
make[1]: Entering directory `/home/troy/litmus-0.10.5/lib/neon'
Bundled neon build not being used.
make[1]: Leaving directory `/home/troy/litmus-0.10.5/lib/neon'
gcc  -o basic src/basic.o -L. -ltest -lneon
gcc  -o copymove src/copymove.o -L. -ltest -lneon
gcc  -o props src/props.o -L. -ltest -lneon
gcc  -o locks src/locks.o -L. -ltest -lneon
gcc  -o http src/http.o -L. -ltest -lneon
-> running `basic':
 0. init.................. pass
 1. begin................. pass
 2. options............... WARNING: server does not claim Class 2 compliance
    ...................... pass (with 1 warning)
 3. put_get............... pass
 4. put_get_utf8_segment.. pass
 5. mkcol_over_plain...... pass
 6. delete................ pass
 7. delete_null........... pass
 8. delete_fragment....... pass
 9. mkcol................. pass
10. mkcol_again........... pass
11. delete_coll........... pass
12. mkcol_no_parent....... pass
13. mkcol_with_body....... pass
14. finish................ pass
<- summary for `basic': of 15 tests run: 15 passed, 0 failed. 100.0%
-> 1 warning was issued.
-> running `copymove':
 0. init.................. pass
 1. begin................. pass
 2. copy_init............. pass
 3. copy_simple........... pass
 4. copy_overwrite........ pass
 5. copy_nodestcoll....... pass
 6. copy_cleanup.......... pass
 7. copy_coll............. pass
 8. move.................. pass
 9. move_coll............. pass
10. move_cleanup.......... pass
11. finish................ pass
<- summary for `copymove': of 12 tests run: 12 passed, 0 failed. 100.0%
-> running `props':
 0. init.................. pass
 1. begin................. pass
 2. propfind_invalid...... pass
 3. propfind_invalid2..... pass
 4. propfind_d0........... pass
 5. propinit.............. pass
 6. propset............... FAIL (PROPPATCH on `/local/davtest/litmus/prop': 500 Internal Server Error)
 7. propget............... SKIPPED
 8. propextended.......... pass
 9. propmove.............. SKIPPED
10. propget............... SKIPPED
11. propdeletes........... SKIPPED
12. propget............... SKIPPED
13. propreplace........... SKIPPED
14. propget............... SKIPPED
15. propnullns............ SKIPPED
16. propget............... SKIPPED
17. prophighunicode....... SKIPPED
18. propget............... SKIPPED
19. propvalnspace......... SKIPPED
20. propwformed........... pass
21. propinit.............. pass
22. propmanyns............ FAIL (PROPPATCH on `/local/davtest/litmus/prop': 500 Internal Server Error)
23. propget............... FAIL (No value given for property {kappa}somename)
24. propcleanup........... pass
25. finish................ pass
-> 12 tests were skipped.
<- summary for `props': of 14 tests run: 11 passed, 3 failed. 78.6%
See debug.log for network/debug traces.
make: *** [check] Error 1
