2004/05/25 04:30 EDT [-] Log opened.
2004/05/25 04:30 EDT [-] Starting factory <twisted.conch.client.unix.SSHUnixClientFactory instance at 0x6410a8>
2004/05/25 04:30 EDT [-] Stopping factory <twisted.conch.client.unix.SSHUnixClientFactory instance at 0x6410a8>
2004/05/25 04:30 EDT [-] Starting factory <twisted.conch.client.direct.SSHClientFactory instance at 0x6410d0>
2004/05/25 04:30 EDT [SSHClientTransport,client] kex alg, key alg: diffie-hellman-group-exchange-sha1 ssh-rsa
2004/05/25 04:30 EDT [SSHClientTransport,client] client->server: aes256-ctr hmac-sha1 none
2004/05/25 04:30 EDT [SSHClientTransport,client] server->client: aes256-ctr hmac-sha1 none
2004/05/25 04:30 EDT [SSHClientTransport,client] starting service ssh-userauth
2004/05/25 04:30 EDT [SSHClientTransport,client] can continue with: ['publickey', 'keyboard-interactive']
2004/05/25 04:30 EDT [SSHClientTransport,client] ['~/.ssh/id_rsa', '~/.ssh/id_dsa']
2004/05/25 04:30 EDT [SSHClientTransport,client] ['~/.ssh/id_rsa', '~/.ssh/id_dsa']
2004/05/25 04:30 EDT [SSHClientTransport,client] ~/.ssh/id_rsa
2004/05/25 04:30 EDT [SSHClientTransport,client] ['~/.ssh/id_rsa', '~/.ssh/id_dsa']
2004/05/25 04:30 EDT [SSHClientTransport,client] ['~/.ssh/id_dsa']
2004/05/25 04:30 EDT [SSHClientTransport,client] ~/.ssh/id_dsa
2004/05/25 04:30 EDT [SSHClientTransport,client] using key of type ssh-dss
2004/05/25 04:30 EDT [SSHClientTransport,client] can continue with: ['publickey', 'keyboard-interactive']
2004/05/25 04:30 EDT [SSHClientTransport,client] ['~/.ssh/id_rsa', '~/.ssh/id_dsa']
2004/05/25 04:30 EDT [SSHClientTransport,client] []
2004/05/25 04:31 EDT [-] Received SIGINT, shutting down.
2004/05/25 04:31 EDT [SSHClientTransport,client] connection lost
2004/05/25 04:31 EDT [SSHClientTransport,client] Stopping factory <twisted.conch.client.direct.SSHClientFactory instance at 0x6410d0>
2004/05/25 04:31 EDT [-] Main loop terminated.
