rnadhani@ritesh:~/Codes/Twisted/trunk$ trial --reactor wx twisted
/home/rnadhani/Codes/Twisted/trunk/twisted/scripts/test/test_mktap.py:16: DeprecationWarning: mktap and related support modules are deprecated as of Twisted 8.0.  Use Twisted Application Plugins with the 'twistd' command directly, as described in 'Writing a Twisted Application Plugin for twistd' chapter of the Developer Guide.
  from twisted.scripts.mktap import run, getid, loadPlugins
/home/rnadhani/Codes/Twisted/trunk/twisted/enterprise/util.py:19: DeprecationWarning: twisted.enterprise.util is deprecated since Twisted 8.0.0.
  category=DeprecationWarning)
/home/rnadhani/Codes/Twisted/trunk/twisted/web/test/test_tap.py:23: DeprecationWarning: twisted.web.twcgi.PHP3Script was deprecated in Twisted 10.1.0: PHP3Script is deprecated. Use twisted.web.twcgi.FilteredScript instead.
  from twisted.web.twcgi import CGIScript, PHP3Script, PHPScript
/home/rnadhani/Codes/Twisted/trunk/twisted/web/test/test_tap.py:23: DeprecationWarning: twisted.web.twcgi.PHPScript was deprecated in Twisted 10.1.0: PHPScript is deprecated. Use twisted.web.twcgi.FilteredScript instead.
  from twisted.web.twcgi import CGIScript, PHP3Script, PHPScript
/home/rnadhani/Codes/Twisted/trunk/twisted/words/im/__init__.py:8: UserWarning: twisted.im will be undergoing a rewrite at some point in the future.
  warnings.warn("twisted.im will be undergoing a rewrite at some point in the future.")
twisted.application.test.test_internet
  TestEndpointService
    test_failReportsError ...                                              [OK]
    test_privilegedStartService ...                                        [OK]
    test_startServiceStarted ...                                           [OK]
    test_startServiceUnstarted ...                                         [OK]
    test_stopService ...                                                   [OK]
    test_stopServiceBeforeStartFinished ...                                [OK]
    test_stopServiceCancelStartError ...                                   [OK]
    test_synchronousFailReportsError ...                                   [OK]
    test_synchronousRaisePrivileged ...                                    [OK]
    test_synchronousRaiseRaisesSynchronously ...                           [OK]
twisted.conch.test.test_agent
  TestAgentClientFailure
    test_agentFailure ...                                                  [OK]
  TestAgentIdentityRequests
    test_requestIdentities ...                                             [OK]
    test_signDataDSA ...                                                   [OK]
    test_signDataRSA ...                                                   [OK]
    test_signDataRSAErrbackOnUnknownBlob ...                               [OK]
  TestAgentKeyAddition
    test_addDSAIdentityNoComment ...                                       [OK]
    test_addDSAIdentityWithComment ...                                     [OK]
    test_addRSAIdentityNoComment ...                                       [OK]
    test_addRSAIdentityWithComment ...                                     [OK]
  TestAgentKeyRemoval
    test_removeAllIdentities ...                                           [OK]
    test_removeDSAIdentity ...                                             [OK]
    test_removeRSAIdentity ...                                             [OK]
  TestClientWithBrokenServer
    test_requestIdentitiesCallbackErrorHandling ...                        [OK]
    test_signDataCallbackErrorHandling ...                                 [OK]
  TestServerProtocolContractWithFactory
    test_factorySuppliesKeyStorageForServerProtocol ...                    [OK]
  TestUnimplementedVersionOneServer
    test_agentc_REMOVE_ALL_RSA_IDENTITIES ...                              [OK]
    test_agentc_REMOVE_RSA_IDENTITY ...                                    [OK]
    test_agentc_REQUEST_RSA_IDENTITIES ...                                 [OK]
twisted.conch.test.test_cftp
  ListingTests
    test_newFile ...                                                       [OK]
    test_newSingleDigitDayOfMonth ...                                      [OK]
    test_oldFile ...                                                       [OK]
    test_oldSingleDigitDayOfMonth ...                                      [OK]
  StdioClientTests
    test_bang ... Traceback (most recent call last):
  File "/usr/lib/python2.6/dist-packages/wx-2.8-gtk2-unicode/wx/_core.py", line 14614, in <lambda>
    lambda event: event.callable(*event.args, **event.kw) )
StopIteration
^C

