twisted.words.test.test_xpath.XPathTest.test_position
===============================================================================
[FAIL]
Traceback (most recent call last):
  File "/build/twisted/src/Twisted-14.0.0-py2/twisted/test/test_sslverify.py", line 855, in test_inspectCertificate
    "Public Key with Hash: ff33994c80812aa95a79cdb85362d054"])
  File "/build/twisted/src/Twisted-14.0.0-py2/twisted/trial/_synctest.py", line 356, in assertEqual
    % (msg, pformat(first), pformat(second)))
twisted.trial.unittest.FailTest: not equal:
a = ['Certificate For Subject:',
 '               Common Name: example.twistedmatrix.com',
 '              Country Name: US',
 '             Email Address: nobody@twistedmatrix.com',
 '             Locality Name: Boston',
 '         Organization Name: Twisted Matrix Labs',
 '  Organizational Unit Name: Security',
 '    State Or Province Name: Massachusetts',
 '',
 'Issuer:',
 '               Common Name: example.twistedmatrix.com',
 '              Country Name: US',
 '             Email Address: nobody@twistedmatrix.com',
 '             Locality Name: Boston',
 '         Organization Name: Twisted Matrix Labs',
 '  Organizational Unit Name: Security',
 '    State Or Province Name: Massachusetts',
 '',
 'Serial Number: 12345',
 'Digest: C4:96:11:00:30:C3:EC:EE:A3:55:AA:ED:8C:84:85:18',
 'Public Key with Hash: 4f64143c741c8a3fd41012bc48ec1651']
b = ['Certificate For Subject:',
 '               Common Name: example.twistedmatrix.com',
 '              Country Name: US',
 '             Email Address: nobody@twistedmatrix.com',
 '             Locality Name: Boston',
 '         Organization Name: Twisted Matrix Labs',
 '  Organizational Unit Name: Security',
 '    State Or Province Name: Massachusetts',
 '',
 'Issuer:',
 '               Common Name: example.twistedmatrix.com',
 '              Country Name: US',
 '             Email Address: nobody@twistedmatrix.com',
 '             Locality Name: Boston',
 '         Organization Name: Twisted Matrix Labs',
 '  Organizational Unit Name: Security',
 '    State Or Province Name: Massachusetts',
 '',
 'Serial Number: 12345',
 'Digest: C4:96:11:00:30:C3:EC:EE:A3:55:AA:ED:8C:84:85:18',
 'Public Key with Hash: ff33994c80812aa95a79cdb85362d054']


twisted.test.test_sslverify.OpenSSLOptions.test_inspectCertificate
-------------------------------------------------------------------------------
