2010-12-25 11:44:34+0100 [-] Shutting down installed reactor SelectReactor.
  File "I:\twisted\bin\trial.py", line 22, in <module>
    run()
  File "I:\twisted\trunk\twisted\scripts\trial.py", line 346, in run
    test_result = trialRunner.run(suite)
  File "I:\twisted\trunk\twisted\trial\runner.py", line 796, in run
    return self._runWithoutDecoration(test)
  File "I:\twisted\trunk\twisted\trial\runner.py", line 825, in _runWithoutDecoration
    run()
  File "I:\twisted\trunk\twisted\trial\runner.py", line 820, in <lambda>
    run = lambda: suite.run(result)
  File "I:\twisted\trunk\twisted\trial\runner.py", line 289, in run
    TestSuite.run(self, result)
  File "I:\twisted\trunk\twisted\trial\unittest.py", line 1390, in run
    test(result)
  File "I:\twisted\trunk\twisted\trial\unittest.py", line 1378, in __call__
    return self.run(result)
  File "I:\twisted\trunk\twisted\trial\runner.py", line 165, in run
    super(LoggedSuite, self).run(result)
  File "I:\twisted\trunk\twisted\trial\unittest.py", line 1390, in run
    test(result)
  File "I:\twisted\trunk\twisted\trial\unittest.py", line 1378, in __call__
    return self.run(result)
  File "I:\twisted\trunk\twisted\trial\runner.py", line 138, in run
    test(result)
  File "I:\twisted\trunk\twisted\trial\unittest.py", line 1378, in __call__
    return self.run(result)
  File "I:\twisted\trunk\twisted\trial\runner.py", line 138, in run
    test(result)
  File "I:\twisted\trunk\twisted\trial\unittest.py", line 1378, in __call__
    return self.run(result)
  File "I:\twisted\trunk\twisted\trial\runner.py", line 138, in run
    test(result)
  File "I:\twisted\trunk\twisted\trial\unittest.py", line 1378, in __call__
    return self.run(result)
  File "I:\twisted\trunk\twisted\trial\runner.py", line 138, in run
    test(result)
  File "I:\twisted\trunk\twisted\trial\unittest.py", line 745, in __call__
    return self.run(*args, **kwargs)
  File "I:\twisted\trunk\twisted\trial\unittest.py", line 1103, in run
    _collectWarnings(self._warnings.append, runThunk)
  File "I:\twisted\trunk\twisted\trial\unittest.py", line 196, in _collectWarnings
    result = f(*args, **kwargs)
  File "I:\twisted\trunk\twisted\trial\unittest.py", line 1093, in runThunk
    d = self.deferSetUp(None, result)
  File "I:\twisted\trunk\twisted\trial\unittest.py", line 751, in deferSetUp
    errbackArgs=(result,))
  File "I:\twisted\trunk\twisted\internet\defer.py", line 286, in addCallbacks
    self._runCallbacks()
  File "I:\twisted\trunk\twisted\internet\defer.py", line 542, in _runCallbacks
    current.result = callback(current.result, *args, **kw)
  File "I:\twisted\trunk\twisted\trial\unittest.py", line 764, in deferTestMethod
    d = self._run(self._testMethodName, result)
  File "I:\twisted\trunk\twisted\trial\unittest.py", line 733, in _run
    self.getSuppress(), method)
  File "I:\twisted\trunk\twisted\internet\defer.py", line 133, in maybeDeferred
    result = f(*args, **kw)
  File "I:\twisted\trunk\twisted\internet\utils.py", line 191, in runWithWarningsSuppressed
    result = f(*a, **kw)
  File "I:\twisted\trunk\twisted\trial\test\test_keyboard.py", line 71, in test_interruptInSetUp
    runner.TrialSuite([self.suite]).run(self.reporter)
  File "I:\twisted\trunk\twisted\trial\runner.py", line 291, in run
    self._bail()
  File "I:\twisted\trunk\twisted\trial\runner.py", line 280, in _bail
    reactor.fireSystemEvent('shutdown') # radix's suggestion
  File "I:\twisted\trunk\twisted\internet\base.py", line 628, in fireSystemEvent
    event.fireEvent()
  File "I:\twisted\trunk\twisted\internet\base.py", line 413, in fireEvent
    DeferredList(beforeResults).addCallback(self._continueFiring)
  File "I:\twisted\trunk\twisted\internet\defer.py", line 297, in addCallback
    callbackKeywords=kw)
  File "I:\twisted\trunk\twisted\internet\defer.py", line 286, in addCallbacks
    self._runCallbacks()
  File "I:\twisted\trunk\twisted\internet\defer.py", line 542, in _runCallbacks
    current.result = callback(current.result, *args, **kw)
  File "I:\twisted\trunk\twisted\internet\base.py", line 426, in _continueFiring
    callable(*args, **kwargs)

